In file included from ../src/bufferutil.cc:15:0:
/home/mark/github.com/goossen/reefexpress/node_modules/express.io/node_modules/socket.io/node_modules/socket.io-client/node_modules/ws/node_modules/nan/nan.h:518:3: error: ‘uv_work_t’ does not name a type
/home/mark/github.com/goossen/reefexpress/node_modules/express.io/node_modules/socket.io/node_modules/socket.io-client/node_modules/ws/node_modules/nan/nan.h: In constructor ‘NanAsyncWorker::NanAsyncWorker(NanCallback*)’:
/home/mark/github.com/goossen/reefexpress/node_modules/express.io/node_modules/socket.io/node_modules/socket.io-client/node_modules/ws/node_modules/nan/nan.h:490:5: error: ‘request’ was not declared in this scope
/home/mark/github.com/goossen/reefexpress/node_modules/express.io/node_modules/socket.io/node_modules/socket.io-client/node_modules/ws/node_modules/nan/nan.h: At global scope:
/home/mark/github.com/goossen/reefexpress/node_modules/express.io/node_modules/socket.io/node_modules/socket.io-client/node_modules/ws/node_modules/nan/nan.h:555:30: error: variable or field ‘NanAsyncExecute’ declared void
/home/mark/github.com/goossen/reefexpress/node_modules/express.io/node_modules/socket.io/node_modules/socket.io-client/node_modules/ws/node_modules/nan/nan.h:555:30: error: ‘uv_work_t’ was not declared in this scope
/home/mark/github.com/goossen/reefexpress/node_modules/express.io/node_modules/socket.io/node_modules/socket.io-client/node_modules/ws/node_modules/nan/nan.h:555:41: error: ‘req’ was not declared in this scope
/home/mark/github.com/goossen/reefexpress/node_modules/express.io/node_modules/socket.io/node_modules/socket.io-client/node_modules/ws/node_modules/nan/nan.h:560:38: error: variable or field ‘NanAsyncExecuteComplete’ declared void
/home/mark/github.com/goossen/reefexpress/node_modules/express.io/node_modules/socket.io/node_modules/socket.io-client/node_modules/ws/node_modules/nan/nan.h:560:38: error: ‘uv_work_t’ was not declared in this scope
/home/mark/github.com/goossen/reefexpress/node_modules/express.io/node_modules/socket.io/node_modules/socket.io-client/node_modules/ws/node_modules/nan/nan.h:560:49: error: ‘req’ was not declared in this scope
/home/mark/github.com/goossen/reefexpress/node_modules/express.io/node_modules/socket.io/node_modules/socket.io-client/node_modules/ws/node_modules/nan/nan.h: In function ‘void NanAsyncQueueWorker(NanAsyncWorker*)’:
/home/mark/github.com/goossen/reefexpress/node_modules/express.io/node_modules/socket.io/node_modules/socket.io-client/node_modules/ws/node_modules/nan/nan.h:568:23: error: ‘uv_default_loop’ was not declared in this scope
/home/mark/github.com/goossen/reefexpress/node_modules/express.io/node_modules/socket.io/node_modules/socket.io-client/node_modules/ws/node_modules/nan/nan.h:569:16: error: ‘class NanAsyncWorker’ has no member named ‘request’
/home/mark/github.com/goossen/reefexpress/node_modules/express.io/node_modules/socket.io/node_modules/socket.io-client/node_modules/ws/node_modules/nan/nan.h:570:7: error: ‘NanAsyncExecute’ was not declared in this scope
/home/mark/github.com/goossen/reefexpress/node_modules/express.io/node_modules/socket.io/node_modules/socket.io-client/node_modules/ws/node_modules/nan/nan.h:571:8: error: ‘uv_after_work_cb’ was not declared in this scope
/home/mark/github.com/goossen/reefexpress/node_modules/express.io/node_modules/socket.io/node_modules/socket.io-client/node_modules/ws/node_modules/nan/nan.h:572:3: error: ‘uv_queue_work’ was not declared in this scope
/home/mark/github.com/goossen/reefexpress/node_modules/express.io/node_modules/socket.io/node_modules/socket.io-client/node_modules/ws/node_modules/nan/nan.h: In function ‘bool _NanGetExternalParts(v8::Handle<v8::Value>, const char**, size_t*)’:
/home/mark/github.com/goossen/reefexpress/node_modules/express.io/node_modules/socket.io/node_modules/socket.io-client/node_modules/ws/node_modules/nan/nan.h:716:78: error: no matching function for call to ‘v8::Local<v8::String>::New(v8::Handle<v8::String>)’
/home/mark/github.com/goossen/reefexpress/node_modules/express.io/node_modules/socket.io/node_modules/socket.io-client/node_modules/ws/node_modules/nan/nan.h:716:78: note: candidates are:
In file included from ../src/bufferutil.cc:7:0:
/home/mark/.node-gyp/0.11.10/deps/v8/include/v8.h:381:29: note: static v8::Local<T> v8::Local<T>::New(v8::Isolate*, v8::Handle<T>) [with T = v8::String]
/home/mark/.node-gyp/0.11.10/deps/v8/include/v8.h:381:29: note:   candidate expects 2 arguments, 1 provided
/home/mark/.node-gyp/0.11.10/deps/v8/include/v8.h:383:29: note: template<class M> static v8::Local<T> v8::Local::New(v8::Isolate*, const v8::Persistent<T, M>&) [with M = M; T = v8::String]
/home/mark/.node-gyp/0.11.10/deps/v8/include/v8.h:383:29: note:   template argument deduction/substitution failed:
In file included from ../src/bufferutil.cc:15:0:
/home/mark/github.com/goossen/reefexpress/node_modules/express.io/node_modules/socket.io/node_modules/socket.io-client/node_modules/ws/node_modules/nan/nan.h:716:78: note:   cannot convert ‘val.v8::Handle<T>::As<v8::String>()’ (type ‘v8::Handle<v8::String>’) to type ‘v8::Isolate*’
In file included from ../src/bufferutil.cc:7:0:
/home/mark/.node-gyp/0.11.10/deps/v8/include/v8.h:406:29: note: static v8::Local<T> v8::Local<T>::New(v8::Isolate*, T*) [with T = v8::String]
/home/mark/.node-gyp/0.11.10/deps/v8/include/v8.h:406:29: note:   candidate expects 2 arguments, 1 provided
In file included from ../src/bufferutil.cc:15:0:
/home/mark/github.com/goossen/reefexpress/node_modules/express.io/node_modules/socket.io/node_modules/socket.io-client/node_modules/ws/node_modules/nan/nan.h: In instantiation of ‘void NanDispose(v8::Persistent<T>&) [with T = v8::Object]’:
/home/mark/github.com/goossen/reefexpress/node_modules/express.io/node_modules/socket.io/node_modules/socket.io-client/node_modules/ws/node_modules/nan/nan.h:498:34:   required from here
/home/mark/github.com/goossen/reefexpress/node_modules/express.io/node_modules/socket.io/node_modules/socket.io-client/node_modules/ws/node_modules/nan/nan.h:237:5: error: no matching function for call to ‘v8::Persistent<v8::Object, v8::NonCopyablePersistentTraits<v8::Object> >::Dispose(v8::Isolate*&)’
/home/mark/github.com/goossen/reefexpress/node_modules/express.io/node_modules/socket.io/node_modules/socket.io-client/node_modules/ws/node_modules/nan/nan.h:237:5: note: candidate is:
In file included from ../src/bufferutil.cc:7:0:
/home/mark/.node-gyp/0.11.10/deps/v8/include/v8.h:588:3: note: void v8::Persistent<T, M>::Dispose() [with T = v8::Object; M = v8::NonCopyablePersistentTraits<v8::Object>]
/home/mark/.node-gyp/0.11.10/deps/v8/include/v8.h:588:3: note:   candidate expects 0 arguments, 1 provided
make: *** [Release/obj.target/bufferutil/src/bufferutil.o] Error 1
gyp ERR! build error 
gyp ERR! stack Error: `make` failed with exit code: 2
gyp ERR! stack     at ChildProcess.onExit (/opt/node/lib/node_modules/npm/node_modules/node-gyp/lib/build.js:267:23)
gyp ERR! stack     at ChildProcess.EventEmitter.emit (events.js:104:17)
gyp ERR! stack     at Process.ChildProcess._handle.onexit (child_process.js:862:12)
gyp ERR! System Linux 3.8.0-19-generic
gyp ERR! command "node" "/opt/node/lib/node_modules/npm/node_modules/node-gyp/bin/node-gyp.js" "rebuild"
gyp ERR! cwd /home/mark/github.com/goossen/reefexpress/node_modules/express.io/node_modules/socket.io/node_modules/socket.io-client/node_modules/ws
gyp ERR! node -v v0.11.10
gyp ERR! node-gyp -v v0.12.1
gyp ERR! not ok 
